  main.cpp
C:\Users\lenovo\Desktop\ФМИ\OOP_LEKCII\CLASS_STRING\doctest.h(1160,1): error C2678: binary '==': no operator found which takes a left-hand operand of type 'const String' (or there is no acceptable conversion)
C:\Users\lenovo\Desktop\ФМИ\OOP_LEKCII\CLASS_STRING\String.h(20,10): message : could be 'bool String::operator ==(String)'
C:\Users\lenovo\Desktop\ФМИ\OOP_LEKCII\CLASS_STRING\doctest.h(3373,10): message : or       'bool doctest::operator ==(const doctest::Approx &,double)'
C:\Users\lenovo\Desktop\ФМИ\OOP_LEKCII\CLASS_STRING\doctest.h(3368,10): message : or       'bool doctest::operator ==(double,const doctest::Approx &)'
C:\Users\lenovo\Desktop\ФМИ\OOP_LEKCII\CLASS_STRING\doctest.h(3189,10): message : or       'bool doctest::operator ==(const doctest::String &,const doctest::String &)'
C:\Program Files (x86)\Windows Kits\10\Include\10.0.18362.0\shared\guiddef.h(192,15): message : or       'bool operator ==(const GUID &,const GUID &)' [found using argument-dependent lookup]
C:\Users\lenovo\Desktop\ФМИ\OOP_LEKCII\CLASS_STRING\doctest.h(1160,1): message : or       'built-in C++ operator==(const char [5], const char [5])'
C:\Users\lenovo\Desktop\ФМИ\OOP_LEKCII\CLASS_STRING\doctest.h(1160,1): message : while trying to match the argument list '(const String, const char [5])'
C:\Users\lenovo\Desktop\ФМИ\OOP_LEKCII\CLASS_STRING\main.cpp(100): message : see reference to function template instantiation 'doctest::detail::Result doctest::detail::Expression_lhs<const String &>::operator ==<char[5]>(const R (&))' being compiled
          with
          [
              R=char [5]
          ]
C:\Users\lenovo\Desktop\ФМИ\OOP_LEKCII\CLASS_STRING\main.cpp(100): message : see reference to function template instantiation 'doctest::detail::Result doctest::detail::Expression_lhs<const String &>::operator ==<char[5]>(const R (&))' being compiled
          with
          [
              R=char [5]
          ]
C:\Program Files (x86)\Microsoft Visual Studio\2019\Enterprise\VC\Tools\MSVC\14.24.28314\include\chrono(632): message : see reference to class template instantiation 'std::chrono::duration<double,std::ratio<1,1>>' being compiled
C:\Program Files (x86)\Microsoft Visual Studio\2019\Enterprise\VC\Tools\MSVC\14.24.28314\include\chrono(178): message : see reference to class template instantiation 'std::chrono::duration<__int64,std::nano>' being compiled
C:\Program Files (x86)\Microsoft Visual Studio\2019\Enterprise\VC\Tools\MSVC\14.24.28314\include\chrono(610): message : see reference to class template instantiation 'std::chrono::time_point<std::chrono::steady_clock,std::chrono::nanoseconds>' being compiled
